<?xml version="1.0" encoding="UTF-8"?>
<!-- Generated by org.testng.reporters.JUnitXMLReporter -->
<testsuite ignored="5" hostname="DESKTOP-O0NLTGO" failures="0" tests="3" name="Regressiongroups" time="24.136" errors="0" timestamp="2021-11-08T17:22:28 IST">
  <testcase classname="intial.Login" name="logoutbtn_verfying" time="4.078"/>
  <testcase classname="intial.Login" name="Task_pageVerifying" time="2.333"/>
  <testcase classname="intial.Login" name="userPage_verfying" time="2.366"/>
  <testcase classname="intial.Login" name="SkipTestCaseForcefully" time="0.0">
    <ignored/>
  </testcase> <!-- SkipTestCaseForcefully -->
  <testcase classname="intial.Login" name="HomePagetitle" time="0.0">
    <ignored/>
  </testcase> <!-- HomePagetitle -->
  <testcase classname="intial.Login" name="SkipTestCaseonCondition" time="0.0">
    <ignored/>
  </testcase> <!-- SkipTestCaseonCondition -->
  <testcase classname="intial.Login" name="SkipTestCase" time="0.0">
    <ignored/>
  </testcase> <!-- SkipTestCase -->
  <testcase classname="intial.Login" name="Report_PageVerfying" time="0.0">
    <ignored/>
  </testcase> <!-- Report_PageVerfying -->
</testsuite> <!-- Regressiongroups -->
