<?xml version="1.0" encoding="UTF-8"?>
<!-- Generated by org.testng.reporters.JUnitXMLReporter -->
<testsuite ignored="0" hostname="DESKTOP-O0NLTGO" failures="0" tests="5" name="GRP-HomePage-Verification" time="32.906" errors="0" timestamp="2021-10-13T09:27:15 IST">
  <testcase classname="intial.Login" name="HomePagetitle" time="0.015"/>
  <testcase classname="intial.Login" name="Report_PageVerfying" time="2.802"/>
  <testcase classname="intial.Login" name="Task_pageVerifying" time="2.546"/>
  <testcase classname="intial.Login" name="logoutbtn_verfying" time="2.465"/>
  <testcase classname="intial.Login" name="userPage_verfying" time="2.429"/>
</testsuite> <!-- GRP-HomePage-Verification -->
